____________________________________________________________________________________________________ 
QUBO NO: 0
 ____________________________________________________________________________________________________
optimal function value: 0.56738005404
optimal value: [1. 0. 0. 0. 1. 0. 0. 1. 0. 0. 0. 1.]
status: SUCCESS
Other ground state(s) found: '100010010001'
Solving with QAOA...
p=1
Restart_no: 1, Exp_val: 0.7222667279902537, Prob_s: 0.2724311839712921
Restart_no: 2, Exp_val: 0.7292872439844547, Prob_s: 0.1875
Restart_no: 3, Exp_val: 0.7278651552477133, Prob_s: 0.13975424859373686
Restart_no: 4, Exp_val: 0.7455642448064674, Prob_s: 0
Restart_no: 5, Exp_val: 0.7264377975820668, Prob_s: 0.22534695471649932
Restart_no: 6, Exp_val: 0.7220499216754916, Prob_s: 0.21650635094610965
Minimum: 0.7220499216754916, prob_s: 0.21650635094610965
p=2
Minim_exp_val_L: 0.7206592910931509, prob_s_L: 0.2072890493972125
Comparison (t=1): B_next: 0.7170725227898074, B_before: 0.7220499216754916
Time for intialising with perturbed values 1 no. of times: 59.30691361427307
Minim_exp_val_B: 0.7170725227898074, prob_s_B: 0.2795084971874737
p=3
Minim_exp_val_L: 0.7264521607176881, prob_s_L: 0.25
Comparison (t=1): B_next: 0.7185262862896025, B_before: 0.7170725227898074
Comparison (t=2): B_next: 0.7156422629444754, B_before: 0.7170725227898074
Time for intialising with perturbed values 2 no. of times: 156.75057315826416
Minim_exp_val_B: 0.7156422629444754, prob_s_B: 0.19764235376052372
p=4
Minim_exp_val_L: 0.7225377157510908, prob_s_L: 0.1875
Comparison (t=1): B_next: 0.7194910017041374, B_before: 0.7156422629444754
Comparison (t=2): B_next: 0.7165859168156818, B_before: 0.7156422629444754
Comparison (t=3): B_next: 0.7165859168156818, B_before: 0.7156422629444754
Comparison (t=4): B_next: 0.7165859168156818, B_before: 0.7156422629444754
Time for intialising with perturbed values 4 no. of times: 379.4182240962982
Minim_exp_val_B: 0.7165859168156818, prob_s_B: 0.15309310892394862
p=5
Minim_exp_val_L: 0.7258189369587371, prob_s_L: 0.24206145913796356
Comparison (t=1): B_next: 0.717964487035081, B_before: 0.7165859168156818
Comparison (t=2): B_next: 0.7168233054374777, B_before: 0.7165859168156818
Comparison (t=3): B_next: 0.7140764238842223, B_before: 0.7165859168156818
Time for intialising with perturbed values 3 no. of times: 317.33625841140747
Minim_exp_val_B: 0.7140764238842223, prob_s_B: 0.2724311839712921
[0.21650635094610965, 0.2795084971874737, 0.19764235376052372, 0.15309310892394862, 0.2724311839712921]
Time Taken: 988.6320643424988
____________________________________________________________________________________________________ 
QUBO NO: 1
 ____________________________________________________________________________________________________
optimal function value: 0.5125752190520003
optimal value: [1. 0. 0. 0. 0. 1. 1. 0. 0. 1. 0. 0.]
status: SUCCESS
Other ground state(s) found: '001100001001'
Other ground state(s) found: '100001001001'
Solving with QAOA...
p=1
Restart_no: 1, Exp_val: 0.5977507838280849, Prob_s: 0.3707738441372376
Restart_no: 2, Exp_val: 0.5568088359411996, Prob_s: 0.5786342821887089
Restart_no: 3, Exp_val: 0.6727663199794405, Prob_s: 0
Restart_no: 4, Exp_val: 0.5577180818747123, Prob_s: 0.4093923853223317
Restart_no: 5, Exp_val: 0.5555881526092818, Prob_s: 0.4929902169642647
Restart_no: 6, Exp_val: 0.697816169192343, Prob_s: 0.0625
Minimum: 0.5555881526092818, prob_s: 0.4929902169642647
p=2
Minim_exp_val_L: 0.556183227196521, prob_s_L: 0.43215598538174504
Comparison (t=1): B_next: 0.552611705227406, B_before: 0.5555881526092818
Time for intialising with perturbed values 1 no. of times: 84.0868980884552
Minim_exp_val_B: 0.552611705227406, prob_s_B: 0.7692086585816462
p=3
Minim_exp_val_L: 0.5563676627028022, prob_s_L: 0.38515091796848094
Comparison (t=1): B_next: 0.552838526366632, B_before: 0.552611705227406
Comparison (t=2): B_next: 0.552838526366632, B_before: 0.552611705227406
Comparison (t=3): B_next: 0.552838526366632, B_before: 0.552611705227406
Comparison (t=4): B_next: 0.552838526366632, B_before: 0.552611705227406
Time for intialising with perturbed values 4 no. of times: 306.65449142456055
Minim_exp_val_B: 0.552838526366632, prob_s_B: 0.7784724400727036
p=4
Minim_exp_val_L: 0.5562451919401084, prob_s_L: 0.592264175038852
Comparison (t=1): B_next: 0.554897585357879, B_before: 0.552838526366632
Comparison (t=2): B_next: 0.554897585357879, B_before: 0.552838526366632
Comparison (t=3): B_next: 0.553196384969068, B_before: 0.552838526366632
Comparison (t=4): B_next: 0.553196384969068, B_before: 0.552838526366632
Time for intialising with perturbed values 4 no. of times: 378.18395018577576
Minim_exp_val_B: 0.553196384969068, prob_s_B: 0.7492495065139722
p=5
Minim_exp_val_L: 0.5548749668263722, prob_s_L: 0.5958061930679922
Comparison (t=1): B_next: 0.5543743062205815, B_before: 0.553196384969068
Comparison (t=2): B_next: 0.5538944162915693, B_before: 0.553196384969068
Comparison (t=3): B_next: 0.5538944162915693, B_before: 0.553196384969068
Comparison (t=4): B_next: 0.5538944162915693, B_before: 0.553196384969068
Time for intialising with perturbed values 4 no. of times: 419.13485503196716
Minim_exp_val_B: 0.5538944162915693, prob_s_B: 0.8345258072353581
[0.4929902169642647, 0.7692086585816462, 0.7784724400727036, 0.7492495065139722, 0.8345258072353581]
Time Taken: 1289.842660665512
____________________________________________________________________________________________________ 
QUBO NO: 2
 ____________________________________________________________________________________________________
optimal function value: 1.3156382621009999
optimal value: [1. 0. 0. 1. 0. 0. 0. 0. 1. 1. 0. 0.]
status: SUCCESS
Other ground state(s) found: '100001001001'
Solving with QAOA...
p=1
Restart_no: 1, Exp_val: 1.6210322913626314, Prob_s: 0.25724632155462784
Restart_no: 2, Exp_val: 1.6245705582672691, Prob_s: 0.2480074240667917
Restart_no: 3, Exp_val: 1.6568549371379335, Prob_s: 0.1525568527676369
Restart_no: 4, Exp_val: 1.7704498617847646, Prob_s: 0.03125
Restart_no: 5, Exp_val: 1.6986050712112837, Prob_s: 0.0625
Restart_no: 6, Exp_val: 1.5580118284763635, Prob_s: 0.2488890693438957
Minimum: 1.5580118284763635, prob_s: 0.2488890693438957
p=2
Minim_exp_val_L: 1.5566747267593044, prob_s_L: 0.21985190644924363
Comparison (t=1): B_next: 1.5117567078096164, B_before: 1.5580118284763635
Time for intialising with perturbed values 1 no. of times: 51.27244472503662
Minim_exp_val_B: 1.5117567078096164, prob_s_B: 0.4653827593373933
p=3
Minim_exp_val_L: 1.5537763242717197, prob_s_L: 0.22864452469860624
Comparison (t=1): B_next: 1.5202703321381197, B_before: 1.5117567078096164
Comparison (t=2): B_next: 1.4840990176425013, B_before: 1.5117567078096164
Time for intialising with perturbed values 2 no. of times: 102.26206469535828
Minim_exp_val_B: 1.4840990176425013, prob_s_B: 0.4285702636949914
p=4
Minim_exp_val_L: 1.5496734572036273, prob_s_L: 0.25361325104145943
Comparison (t=1): B_next: 1.4755254818708572, B_before: 1.4840990176425013
Time for intialising with perturbed values 1 no. of times: 73.34414196014404
Minim_exp_val_B: 1.4755254818708572, prob_s_B: 0.3768743277164134
p=5
Minim_exp_val_L: 1.565534870522363, prob_s_L: 0.2723367700662145
Comparison (t=1): B_next: 1.463616335278366, B_before: 1.4755254818708572
Time for intialising with perturbed values 1 no. of times: 121.81493759155273
Minim_exp_val_B: 1.463616335278366, prob_s_B: 0.48397151151451634
[0.2488890693438957, 0.4653827593373933, 0.4285702636949914, 0.3768743277164134, 0.48397151151451634]
Time Taken: 383.54732871055603
____________________________________________________________________________________________________ 
QUBO NO: 3
 ____________________________________________________________________________________________________
optimal function value: 1.2501280111330004
optimal value: [1. 0. 0. 0. 1. 0. 1. 0. 0. 0. 0. 1.]
status: SUCCESS
Solving with QAOA...
p=1
Restart_no: 1, Exp_val: 1.3762906696836552, Prob_s: 0.11267347735824966
Restart_no: 2, Exp_val: 1.4277560874554611, Prob_s: 0.09375
Restart_no: 3, Exp_val: 1.4237612676511322, Prob_s: 0.11267347735824966
Restart_no: 4, Exp_val: 1.3990522395406426, Prob_s: 0.13258252147247765
Restart_no: 5, Exp_val: 1.4921162224858042, Prob_s: 0
Restart_no: 6, Exp_val: 1.287857916203718, Prob_s: 0
Minimum: 1.287857916203718, prob_s: 0
p=2
Minim_exp_val_L: 1.2875477514072333, prob_s_L: 0
Comparison (t=1): B_next: 1.2868851500315586, B_before: 1.287857916203718
Time for intialising with perturbed values 1 no. of times: 52.45915651321411
Minim_exp_val_B: 1.2868851500315586, prob_s_B: 0
p=3
Minim_exp_val_L: 1.2875079165893606, prob_s_L: 0
Comparison (t=1): B_next: 1.2879270261475746, B_before: 1.2868851500315586
Comparison (t=2): B_next: 1.2878149451708838, B_before: 1.2868851500315586
Comparison (t=3): B_next: 1.2878137996857015, B_before: 1.2868851500315586
Comparison (t=4): B_next: 1.2875440188605456, B_before: 1.2868851500315586
Time for intialising with perturbed values 4 no. of times: 419.8215651512146
Minim_exp_val_B: 1.2875440188605456, prob_s_B: 0
p=4
Minim_exp_val_L: 1.2879611029350748, prob_s_L: 0
Comparison (t=1): B_next: 1.2877552043352916, B_before: 1.2875440188605456
Comparison (t=2): B_next: 1.2877552043352916, B_before: 1.2875440188605456
Comparison (t=3): B_next: 1.2876877666047601, B_before: 1.2875440188605456
Comparison (t=4): B_next: 1.2875986562367112, B_before: 1.2875440188605456
Time for intialising with perturbed values 4 no. of times: 428.8535358905792
Minim_exp_val_B: 1.2875986562367112, prob_s_B: 0
p=5
Minim_exp_val_L: 1.2875108292082142, prob_s_L: 0
Comparison (t=1): B_next: 1.2892981089272375, B_before: 1.2875986562367112
Comparison (t=2): B_next: 1.287413421475919, B_before: 1.2875986562367112
Time for intialising with perturbed values 2 no. of times: 339.6705062389374
Minim_exp_val_B: 1.287413421475919, prob_s_B: 0
[0, 0, 0, 0, 0]
Time Taken: 1398.9864163398743
____________________________________________________________________________________________________ 
QUBO NO: 4
 ____________________________________________________________________________________________________
optimal function value: 1.1754135418489993
optimal value: [1. 0. 0. 1. 0. 0. 0. 0. 1. 0. 0. 1.]
status: SUCCESS
Other ground state(s) found: '100100001001'
Solving with QAOA...
p=1
Restart_no: 1, Exp_val: 1.491509595077348, Prob_s: 0.2576941016011038
Restart_no: 2, Exp_val: 1.5505549985292273, Prob_s: 0
Restart_no: 3, Exp_val: 1.5366107143189662, Prob_s: 0.39528470752104744
Restart_no: 4, Exp_val: 1.4233943155196132, Prob_s: 0.08838834764831845
Restart_no: 5, Exp_val: 1.5009795390935556, Prob_s: 0.29973947020704494
Restart_no: 6, Exp_val: 1.4885761235800095, Prob_s: 0.21650635094610965
Minimum: 1.4233943155196132, prob_s: 0.08838834764831845
p=2
Minim_exp_val_L: 1.435859677406663, prob_s_L: 0.0625
Comparison (t=1): B_next: 1.3058614740387364, B_before: 1.4233943155196132
Time for intialising with perturbed values 1 no. of times: 81.18844747543335
Minim_exp_val_B: 1.3058614740387364, prob_s_B: 0
p=3
Minim_exp_val_L: 1.4357532358049419, prob_s_L: 0
Comparison (t=1): B_next: 1.2996674329951112, B_before: 1.3058614740387364
Time for intialising with perturbed values 1 no. of times: 58.23128128051758
Minim_exp_val_B: 1.2996674329951112, prob_s_B: 0
p=4
Minim_exp_val_L: 1.4321490880119825, prob_s_L: 0
Comparison (t=1): B_next: 1.2985180415892081, B_before: 1.2996674329951112
Time for intialising with perturbed values 1 no. of times: 97.88535523414612
Minim_exp_val_B: 1.2985180415892081, prob_s_B: 0
p=5
Minim_exp_val_L: 1.4323056740281874, prob_s_L: 0
Comparison (t=1): B_next: 1.298675555178522, B_before: 1.2985180415892081
Comparison (t=2): B_next: 1.29155560291081, B_before: 1.2985180415892081
Time for intialising with perturbed values 2 no. of times: 238.10338973999023
Minim_exp_val_B: 1.29155560291081, prob_s_B: 0.08838834764831845
[0.08838834764831845, 0, 0, 0, 0.08838834764831845]
Time Taken: 512.0467574596405
____________________________________________________________________________________________________ 
QUBO NO: 5
 ____________________________________________________________________________________________________
optimal function value: 0.4970576085730003
optimal value: [1. 0. 0. 0. 1. 0. 0. 0. 1. 1. 0. 0.]
status: SUCCESS
Other ground state(s) found: '001100010001'
Solving with QAOA...
p=1
Restart_no: 1, Exp_val: 0.6083254578527755, Prob_s: 0.1767766952966369
Restart_no: 2, Exp_val: 0.6873681122455171, Prob_s: 0
Restart_no: 3, Exp_val: 0.599126323436578, Prob_s: 0.2072890493972125
Restart_no: 4, Exp_val: 0.6123844461234982, Prob_s: 0.08838834764831845
Restart_no: 5, Exp_val: 0.6533731227514084, Prob_s: 0
Restart_no: 6, Exp_val: 0.6352964377209145, Prob_s: 0
Minimum: 0.599126323436578, prob_s: 0.2072890493972125
p=2
Minim_exp_val_L: 0.6007221693906488, prob_s_L: 0.1875
Comparison (t=1): B_next: 0.589479689451172, B_before: 0.599126323436578
Time for intialising with perturbed values 1 no. of times: 54.493916034698486
Minim_exp_val_B: 0.589479689451172, prob_s_B: 0.125
p=3
Minim_exp_val_L: 0.6048678870246449, prob_s_L: 0.125
Comparison (t=1): B_next: 0.5866471719911286, B_before: 0.589479689451172
Time for intialising with perturbed values 1 no. of times: 54.85003614425659
Minim_exp_val_B: 0.5866471719911286, prob_s_B: 0.0625
p=4
Minim_exp_val_L: 0.5975652191541374, prob_s_L: 0.19764235376052372
Comparison (t=1): B_next: 0.5854934949711303, B_before: 0.5866471719911286
Time for intialising with perturbed values 1 no. of times: 75.94956088066101
Minim_exp_val_B: 0.5854934949711303, prob_s_B: 0
p=5
Minim_exp_val_L: 0.5995190386658669, prob_s_L: 0.19764235376052372
Comparison (t=1): B_next: 0.5865374593435866, B_before: 0.5854934949711303
Comparison (t=2): B_next: 0.5834993918934326, B_before: 0.5854934949711303
Time for intialising with perturbed values 2 no. of times: 190.42566561698914
Minim_exp_val_B: 0.5834993918934326, prob_s_B: 0.08838834764831845
[0.2072890493972125, 0.125, 0.0625, 0, 0.08838834764831845]
Time Taken: 417.2947165966034
____________________________________________________________________________________________________ 
QUBO NO: 6
 ____________________________________________________________________________________________________
optimal function value: 0.9802777362319999
optimal value: [1. 0. 0. 1. 0. 0. 0. 1. 0. 0. 1. 0.]
status: SUCCESS
Other ground state(s) found: '100001001001'
Other ground state(s) found: '001001100001'
Other ground state(s) found: '010010001001'
Solving with QAOA...
p=1
Restart_no: 1, Exp_val: 1.5817943498776241, Prob_s: 0.41099950743696273
Restart_no: 2, Exp_val: 1.5622806151814483, Prob_s: 0.3930946973534928
Restart_no: 3, Exp_val: 1.4805383406491925, Prob_s: 0.46033869852276543
Restart_no: 4, Exp_val: 1.5063485050804886, Prob_s: 0.4870835799508937
Restart_no: 5, Exp_val: 1.5122028593791406, Prob_s: 0.5266564585062191
Restart_no: 6, Exp_val: 1.6341387455226952, Prob_s: 0.5777559792382934
Minimum: 1.4805383406491925, prob_s: 0.46033869852276543
p=2
Minim_exp_val_L: 1.5061137486248732, prob_s_L: 0.5666863197558502
Comparison (t=1): B_next: 1.4777251009382644, B_before: 1.4805383406491925
Time for intialising with perturbed values 1 no. of times: 29.75403356552124
Minim_exp_val_B: 1.4777251009382644, prob_s_B: 0.6316011510908044
p=3
Minim_exp_val_L: 1.501098787650272, prob_s_L: 0.6302262624602317
Comparison (t=1): B_next: 1.4576282621785541, B_before: 1.4777251009382644
Time for intialising with perturbed values 1 no. of times: 55.60917830467224
Minim_exp_val_B: 1.4576282621785541, prob_s_B: 0.6055317859722693
p=4
Minim_exp_val_L: 1.5008258799274277, prob_s_L: 0.5915267409077849
Comparison (t=1): B_next: 1.4370704399518015, B_before: 1.4576282621785541
Time for intialising with perturbed values 1 no. of times: 88.533442735672
Minim_exp_val_B: 1.4370704399518015, prob_s_B: 0.6624531133336927
p=5
Minim_exp_val_L: 1.501405690620567, prob_s_L: 0.6245093148091633
Comparison (t=1): B_next: 1.4222931655836453, B_before: 1.4370704399518015
Time for intialising with perturbed values 1 no. of times: 132.961110830307
Minim_exp_val_B: 1.4222931655836453, prob_s_B: 0.5883229656596268
[0.46033869852276543, 0.6316011510908044, 0.6055317859722693, 0.6624531133336927, 0.5883229656596268]
Time Taken: 348.828675031662
____________________________________________________________________________________________________ 
QUBO NO: 7
 ____________________________________________________________________________________________________
optimal function value: 0.777801182096
optimal value: [0. 0. 1. 1. 0. 0. 1. 0. 0. 1. 0. 0.]
status: SUCCESS
slurmstepd: error: *** JOB 28144037 ON spartan-bm110 CANCELLED AT 2021-07-31T00:19:12 DUE TO TIME LIMIT ***
