--------------------------------------------------
QUBO_3
optimal function value: -232.5
optimal value: [0. 1. 0. 0. 1. 0. 1. 0. 0.]
status: SUCCESS
--------------------------------------------------
Now solving with QAOA... Fourier Parametrisation: True
--------------------------------------------------
    p=1
('001010010', (-232.5, 0.0848124049094174))
('001010001', (-231.5, 0.07817596080227703))
('001010100', (-230.5, 0.07221877981372951))
('010010010', (-222.5, 0.05166229333196211))
('010010001', (-221.5, 0.047619795981363004))
    Point_0, Exp_val: -219.06189668099384, Prob_s: 0.0848124049094174
('001010010', (-232.5, 0.04080605349521896))
('010010010', (-222.5, 0.04051514137286109))
('001001010', (-222.5, 0.039132642102015974))
('010001010', (-212.5, 0.03885365996597813))
('001010001', (-231.5, 0.03849997310579339))
    Point_1, Exp_val: -217.17330182511876, Prob_s: 0.04080605349521896
('001010010', (-232.5, 0.0848123992340441))
('001010001', (-231.5, 0.07817595589886774))
('001010100', (-230.5, 0.07221877659197527))
('010010010', (-222.5, 0.05166229297859876))
('010010001', (-221.5, 0.047619795855370066))
    Point_2, Exp_val: -219.06189668099393, Prob_s: 0.0848123992340441
    Minimum: -219.06189668099393, prob_s: 0.0848123992340441, approx_ratio 0.9422017061548126
--------------------------------------------------
    p=2
('010001001', (-211.5, 0.2332699105177336))
('001001001', (-221.5, 0.12087931659067765))
('100001001', (-208.5, 0.11061576872159885))
('010001010', (-212.5, 0.06735649397131882))
('010001111', (100.5, 0.04800465027531087))
    Point_0, Exp_val: -158.01223007882814, Prob_s: 0.0033413685312210888
('001010010', (-232.5, 0.0996231099896941))
('001010001', (-231.5, 0.08341335938936353))
('001010100', (-230.5, 0.06945773080900411))
('010010010', (-222.5, 0.0598726597622226))
('010010001', (-221.5, 0.05013073459421218))
    Point_1, Exp_val: -219.30243316099518, Prob_s: 0.0996231099896941
('010010010', (-222.5, 0.20350438784901279))
('010010100', (-220.5, 0.18713182002486256))
('010100100', (-207.5, 0.15250539407485747))
('010100111', (103.5, 0.05786048003841509))
('010001010', (-212.5, 0.04873606429858925))
    Point_2, Exp_val: -141.58077994010364, Prob_s: 0.021396355490001708
('100001010', (-209.5, 0.2093153598573719))
('001001010', (-222.5, 0.13287607631674458))
('100010010', (-219.5, 0.09532039945490373))
('010001010', (-212.5, 0.07656168851745161))
('100100010', (-210.5, 0.06808316511236263))
    Point_3, Exp_val: -182.0614485049428, Prob_s: 0.060510612700104174
('001010010', (-232.5, 0.08360152225085715))
('001010001', (-231.5, 0.0788040983492742))
('001010100', (-230.5, 0.07464584756149023))
('010010010', (-222.5, 0.052105603045308785))
('010010001', (-221.5, 0.04911555383656492))
    Point_4, Exp_val: -219.09308252269867, Prob_s: 0.08360152225085715
    Minimum: -219.30243316099518, prob_s: 0.0996231099896941, approx_ratio 0.9432362716601943
--------------------------------------------------
    p=3
('001010001', (-231.5, 0.131148744605489))
('001010010', (-232.5, 0.12151688536301473))
('001010100', (-230.5, 0.1087934939801634))
('001001001', (-221.5, 0.05138634168662674))
('010010001', (-221.5, 0.04891750721943846))
    Point_0, Exp_val: -220.58261426987207, Prob_s: 0.12151688536301473
('010010100', (-220.5, 0.07969973900258896))
('010010001', (-221.5, 0.056712846945589375))
('100010100', (-217.5, 0.054693319538155816))
('010001100', (-210.5, 0.05366453680560615))
('010100010', (-213.5, 0.05175239069780566))
    Point_1, Exp_val: -134.14533344149265, Prob_s: 0.005557564568002582
('001010010', (-232.5, 0.08600422689825275))
('001010001', (-231.5, 0.08236692220616851))
('001010100', (-230.5, 0.06604868386949306))
('001100001', (-222.5, 0.05939056463982473))
('001100010', (-223.5, 0.046903381888107935))
    Point_2, Exp_val: -218.8330876370559, Prob_s: 0.08600422689825275
('001001100', (-220.5, 0.2312791945361319))
('001010001', (-231.5, 0.15511836489553943))
('001100100', (-217.5, 0.07442394012447279))
('001010100', (-230.5, 0.06742339421048968))
('001001010', (-222.5, 0.06339746768024283))
    Point_3, Exp_val: -210.87966702105666, Prob_s: 0.05039229833203614
('001100010', (-223.5, 0.07054296256886519))
('001010100', (-230.5, 0.06681515474720141))
('001010010', (-232.5, 0.05168102284152181))
('100100010', (-210.5, 0.04992631191943106))
('001001010', (-222.5, 0.04897601879389249))
    Point_4, Exp_val: -218.0411794349632, Prob_s: 0.05168102284152181
('100010100', (-217.5, 0.13817421202136665))
('100100100', (-204.5, 0.11707345722520082))
('100010010', (-219.5, 0.10893472983363943))
('100001001', (-208.5, 0.09821367978071573))
('100010001', (-218.5, 0.08802235472129674))
    Point_5, Exp_val: -177.03292105158056, Prob_s: 0.008495718012416269
('001100010', (-223.5, 0.12568536251164575))
('010100010', (-213.5, 0.0996742666483276))
('100100010', (-210.5, 0.06834818507350132))
('001010001', (-231.5, 0.05492564072284907))
('001100001', (-222.5, 0.04947375908267678))
    Point_6, Exp_val: -215.43176444629933, Prob_s: 0.04788306118952357
('001010100', (-230.5, 0.13665357650641846))
('001010010', (-232.5, 0.12335157143271991))
('001010001', (-231.5, 0.1184050579457408))
('001100010', (-223.5, 0.09943080952911161))
('001100001', (-222.5, 0.08327125111483476))
    Point_7, Exp_val: -220.86784243264185, Prob_s: 0.12335157143271991
('001010010', (-232.5, 0.2566891558219454))
('001010100', (-230.5, 0.1273322021963441))
('100010010', (-219.5, 0.10526386469285151))
('001001010', (-222.5, 0.0919616030444711))
('001100100', (-217.5, 0.07158883028801873))
    Point_8, Exp_val: -196.09715257279134, Prob_s: 0.2566891558219454
    Minimum: -220.86784243264185, prob_s: 0.12335157143271991, approx_ratio 0.9499692147640509
--------------------------------------------------
    p=4
('010010001', (-221.5, 0.12896246181468105))
('010010010', (-222.5, 0.12318996750158918))
('010100010', (-213.5, 0.08229799640835415))
('100010001', (-218.5, 0.0811266234380789))
('100010010', (-219.5, 0.07749531114885164))
    Point_0, Exp_val: -205.7643232622558, Prob_s: 0.012893488177577057
('001010001', (-231.5, 0.1910050944481644))
('001100010', (-223.5, 0.15876773251041099))
('001100100', (-217.5, 0.12184871652424518))
('010010001', (-221.5, 0.07401506994982066))
('001010010', (-232.5, 0.06773215311768961))
    Point_1, Exp_val: -216.2336018382406, Prob_s: 0.06773215311768961
('001010100', (-230.5, 0.17041236350922695))
('001100010', (-223.5, 0.12402152680582595))
('100010100', (-217.5, 0.1074866857585546))
('100100010', (-210.5, 0.07822591392174537))
('010010100', (-220.5, 0.0780651293690677))
    Point_2, Exp_val: -195.19230259153795, Prob_s: 0.021005539989943943
('001010010', (-232.5, 0.13045830648478704))
('010010010', (-222.5, 0.10312218501706294))
('001001010', (-222.5, 0.08841912731379077))
('001010001', (-231.5, 0.07011424432306428))
('010001010', (-212.5, 0.06989185933486909))
    Point_3, Exp_val: -213.84322623179418, Prob_s: 0.13045830648478704
('100100001', (-209.5, 0.27317123085772244))
('100010001', (-218.5, 0.13616154522314636))
('001100001', (-222.5, 0.11870138965861288))
('100100010', (-210.5, 0.0760378703216573))
('001010001', (-231.5, 0.05916642314530399))
    Point_4, Exp_val: -187.17469044892763, Prob_s: 0.00329415589263707
('001001010', (-222.5, 0.22740841210555948))
('001001001', (-221.5, 0.16408614539036914))
('001001100', (-220.5, 0.14356404500820918))
('001010010', (-232.5, 0.09424634945964802))
('001100010', (-223.5, 0.0811036347716701))
    Point_5, Exp_val: -215.56572788490197, Prob_s: 0.09424634945964802
('010010010', (-222.5, 0.1918765340631508))
('010001001', (-211.5, 0.1302166982709667))
('010100100', (-207.5, 0.1122935915411947))
('010001100', (-210.5, 0.08161632936026847))
('010100010', (-213.5, 0.07956441575228027))
    Point_6, Exp_val: -200.5680000148932, Prob_s: 0.02151063690608646
('001001010', (-222.5, 0.13992627738012414))
('001010010', (-232.5, 0.094807196344175))
('001100100', (-217.5, 0.09338521701696877))
('001100001', (-222.5, 0.07554963941439069))
('100001010', (-209.5, 0.06323486451735212))
    Point_7, Exp_val: -162.49836040926772, Prob_s: 0.094807196344175
('010001010', (-212.5, 0.1461570248239021))
('010001100', (-210.5, 0.12117856914662892))
('100001010', (-209.5, 0.0792751230067456))
('010010001', (-221.5, 0.0703053721396747))
('100001100', (-207.5, 0.06572688508441371))
    Point_8, Exp_val: -206.6166555747145, Prob_s: 0.014898073034547998
('010001001', (-211.5, 0.15639755340078537))
('010010100', (-220.5, 0.15364712000557917))
('010010010', (-222.5, 0.11901396066647299))
('010001010', (-212.5, 0.0829179801722182))
('010100100', (-207.5, 0.08021250788671073))
    Point_9, Exp_val: -203.66682211013597, Prob_s: 0.03435421865375166
('010100010', (-213.5, 0.14294495760455866))
('100100010', (-210.5, 0.12913946887577935))
('010001100', (-210.5, 0.10337978764188673))
('001100010', (-223.5, 0.09345461706095162))
('100001100', (-207.5, 0.0933954655854075))
    Point_10, Exp_val: -182.89967437101663, Prob_s: 0.02659136576252588
('001001100', (-220.5, 0.11615732632557135))
('001100100', (-217.5, 0.09617532388164833))
('001100001', (-222.5, 0.08405976419754174))
('001001001', (-221.5, 0.05743065088238362))
('001001010', (-222.5, 0.053158681317722))
    Point_11, Exp_val: -157.8265958601624, Prob_s: 0.008787910348272691
    Minimum: -216.2336018382406, prob_s: 0.06773215311768961, approx_ratio 0.930036997153723
--------------------------------------------------
    p=5
('001100100', (-217.5, 0.15669129470965365))
('100100100', (-204.5, 0.1374655432693424))
('001100010', (-223.5, 0.1354917125208294))
('100100010', (-210.5, 0.11886711322847887))
('001010100', (-230.5, 0.05101272925449071))
    Point_0, Exp_val: -203.3857999258293, Prob_s: 0.011006413948922048
('100010001', (-218.5, 0.10092143276182236))
('100001100', (-207.5, 0.09613232268311406))
('100100010', (-210.5, 0.08326486339841581))
('001010001', (-231.5, 0.07646427650938559))
('001001100', (-220.5, 0.07283575254504121))
    Point_1, Exp_val: -197.46454789278366, Prob_s: 0.03452942108083788
('010100100', (-207.5, 0.1931148475858696))
('010001010', (-212.5, 0.1395078711979957))
('010010001', (-221.5, 0.13609875152149042))
('010100010', (-213.5, 0.10273456172545943))
('010010010', (-222.5, 0.07503011607288582))
    Point_2, Exp_val: -208.5130618727064, Prob_s: 0.019653148899699175
('001010100', (-230.5, 0.15445579128405612))
('100010100', (-217.5, 0.09737503820497653))
('001001100', (-220.5, 0.07173385339815905))
('001010010', (-232.5, 0.070349220718893))
('001001001', (-221.5, 0.06560731636742792))
    Point_3, Exp_val: -201.21690311265277, Prob_s: 0.070349220718893
('001100100', (-217.5, 0.2816509732727751))
('001001100', (-220.5, 0.2145271615377417))
('001100010', (-223.5, 0.1358891179717688))
('100100100', (-204.5, 0.06888537699181335))
('100001100', (-207.5, 0.05246843007781446))
    Point_4, Exp_val: -197.11182033906599, Prob_s: 0.03705633791061483
('001001010', (-222.5, 0.0633693662825087))
('100001010', (-209.5, 0.05823215818904686))
('010001010', (-212.5, 0.0542620622106325))
('001010010', (-232.5, 0.05330295295779678))
('001010001', (-231.5, 0.05258450744826457))
    Point_5, Exp_val: -212.82884139424965, Prob_s: 0.05330295295779678
('001001010', (-222.5, 0.2689511904414525))
('001010010', (-232.5, 0.11658933230070248))
('100001010', (-209.5, 0.08987410167395554))
('001001100', (-220.5, 0.07923265886037405))
('001001001', (-221.5, 0.06225149678755078))
    Point_6, Exp_val: -204.2958645875001, Prob_s: 0.11658933230070248
('010001001', (-211.5, 0.36843217680610035))
('010001100', (-210.5, 0.1479352531450616))
('010010001', (-221.5, 0.10353624162102258))
('001001001', (-221.5, 0.05855354065736482))
('010010010', (-222.5, 0.04544245678276245))
    Point_7, Exp_val: -195.9603755974944, Prob_s: 0.007221998805496195
('001001001', (-221.5, 0.23348100707357497))
('001100100', (-217.5, 0.1589328582654389))
('001010001', (-231.5, 0.13401993404332072))
('001100010', (-223.5, 0.06692490024171624))
('001001100', (-220.5, 0.0469182343470784))
    Point_8, Exp_val: -191.39887206116572, Prob_s: 0.038181842896710005
('010010010', (-222.5, 0.17632556323976617))
('001010010', (-232.5, 0.14082851735753837))
('100010010', (-219.5, 0.09468348285469963))
('010100010', (-213.5, 0.0774814914216688))
('001100010', (-223.5, 0.06188327636150487))
    Point_9, Exp_val: -198.68327451517874, Prob_s: 0.14082851735753837
('001010001', (-231.5, 0.13773812971440533))
('001100100', (-217.5, 0.12307844245607397))
('001001001', (-221.5, 0.08432993111030017))
('001100001', (-222.5, 0.07447813873605602))
('010010001', (-221.5, 0.06293531859208772))
    Point_10, Exp_val: -195.74123145301104, Prob_s: 0.010901954632003287
('010010001', (-221.5, 0.13703262301481892))
('010100010', (-213.5, 0.1342902574851576))
('010010010', (-222.5, 0.10650151996721642))
('010100100', (-207.5, 0.09165364328130322))
('100010001', (-218.5, 0.06760772221753081))
    Point_11, Exp_val: -209.24772013558618, Prob_s: 0.014878307130483048
    Minimum: -212.82884139424965, prob_s: 0.05330295295779678, approx_ratio 0.9153928662118265
--------------------------------------------------
QAOA terminated
--------------------------------------------------
Approximation ratios per layer: [0.9422017061548126, 0.9432362716601943, 0.9499692147640509, 0.930036997153723, 0.9153928662118265]
Prob_success per layer: [0.0848123992340441, 0.0996231099896941, 0.12335157143271991, 0.06773215311768961, 0.05330295295779678]
Results saved in results_3cars3routes/RI_F_3.csv
Time Taken: 3033.93239235878
