____________________________________________________________________________________________________ 
QUBO NO: 1
 ____________________________________________________________________________________________________
optimal function value: 0.14054452064799994
optimal value: [0. 1. 0. 1. 0. 0. 1. 0. 0.]
status: SUCCESS
Other ground state(s) found: '010001001'
Solving with QAOA...
p=1
Restart_no: 1, Exp_val: 0.17435199250638467, Prob_s: 0.37651578316368384
Restart_no: 2, Exp_val: 0.8636766541990828, Prob_s: 0
Restart_no: 3, Exp_val: 1.0563560424173433, Prob_s: 0.03125
Restart_no: 4, Exp_val: 1.1401692496402318, Prob_s: 0.08537658773652741
Restart_no: 5, Exp_val: 0.9894483140121254, Prob_s: 0
Restart_no: 6, Exp_val: 0.5034129444947395, Prob_s: 0.125
Minimum: 0.17435199250638467, prob_s: 0.37651578316368384
p=2
Minim_exp_val_L: 0.17523942507704782, prob_s_L: 0.36427669529663687
Comparison (t=1): B_next: 0.17241771056286503, B_before: 0.17435199250638467
Time for intialising with perturbed values 1 no. of times: 42.25130343437195
Minim_exp_val_B: 0.17241771056286503, prob_s_B: 0.392735570012557
p=3
Minim_exp_val_L: 0.17358291439537088, prob_s_L: 0.3816966491810744
Comparison (t=1): B_next: 0.17316082652337594, B_before: 0.17241771056286503
Comparison (t=2): B_next: 0.17316082652337594, B_before: 0.17241771056286503
Comparison (t=3): B_next: 0.17316082652337594, B_before: 0.17241771056286503
Comparison (t=4): B_next: 0.17316082652337594, B_before: 0.17241771056286503
Time for intialising with perturbed values 4 no. of times: 98.86486744880676
Minim_exp_val_B: 0.17316082652337594, prob_s_B: 0.40226931048338577
p=4
Minim_exp_val_L: 0.17395145211322882, prob_s_L: 0.404325535334352
Comparison (t=1): B_next: 0.17359258217274343, B_before: 0.17316082652337594
Comparison (t=2): B_next: 0.17169262055524015, B_before: 0.17316082652337594
Time for intialising with perturbed values 2 no. of times: 76.4865345954895
Minim_exp_val_B: 0.17169262055524015, prob_s_B: 0.36051564439148687
p=5
Minim_exp_val_L: 0.17408489703374097, prob_s_L: 0.38231487913369216
Comparison (t=1): B_next: 0.17392892761246226, B_before: 0.17169262055524015
Comparison (t=2): B_next: 0.17392892761246226, B_before: 0.17169262055524015
Comparison (t=3): B_next: 0.17377093697871704, B_before: 0.17169262055524015
Comparison (t=4): B_next: 0.17377093697871704, B_before: 0.17169262055524015
Time for intialising with perturbed values 4 no. of times: 223.7411458492279
Minim_exp_val_B: 0.17377093697871704, prob_s_B: 0.40007614133438746
p=6
Minim_exp_val_L: 0.17640060403827207, prob_s_L: 0.38204072952955903
Comparison (t=1): B_next: 0.1733718113361239, B_before: 0.17377093697871704
Time for intialising with perturbed values 1 no. of times: 60.9157395362854
Minim_exp_val_B: 0.1733718113361239, prob_s_B: 0.3640789654102575
p=7
Minim_exp_val_L: 0.1744275426601416, prob_s_L: 0.4013838441679727
Comparison (t=1): B_next: 0.17411053015436506, B_before: 0.1733718113361239
Comparison (t=2): B_next: 0.17359543028125202, B_before: 0.1733718113361239
Comparison (t=3): B_next: 0.17359543028125202, B_before: 0.1733718113361239
Comparison (t=4): B_next: 0.17359543028125202, B_before: 0.1733718113361239
Time for intialising with perturbed values 4 no. of times: 251.9066047668457
Minim_exp_val_B: 0.17359543028125202, prob_s_B: 0.3902802913533042
[0.37651578316368384, 0.392735570012557, 0.40226931048338577, 0.36051564439148687, 0.40007614133438746, 0.3640789654102575, 0.3902802913533042]
Time Taken: 798.4859004020691
____________________________________________________________________________________________________ 
QUBO NO: 1
 ____________________________________________________________________________________________________
optimal function value: 0.5125752190520003
optimal value: [1. 0. 0. 0. 0. 1. 1. 0. 0. 1. 0. 0.]
status: SUCCESS
Other ground state(s) found: '001100001001'
Other ground state(s) found: '100001001001'
Solving with QAOA...
p=1
Restart_no: 1, Exp_val: 0.5974070160910057, Prob_s: 0.3122799991657038
Restart_no: 2, Exp_val: 0.6793335551031849, Prob_s: 0
Restart_no: 3, Exp_val: 0.5841408961064629, Prob_s: 0
Restart_no: 4, Exp_val: 0.5838792806243696, Prob_s: 0.6083119921524878
Restart_no: 5, Exp_val: 0.6975407875041204, Prob_s: 0
Restart_no: 6, Exp_val: 0.5983016372117576, Prob_s: 0.03125
Minimum: 0.5838792806243696, prob_s: 0.6083119921524878
p=2
Minim_exp_val_L: 0.5824971565598163, prob_s_L: 0.3143213180352919
Comparison (t=1): B_next: 0.5726619371861037, B_before: 0.5838792806243696
Time for intialising with perturbed values 1 no. of times: 36.64581084251404
Minim_exp_val_B: 0.5726619371861037, prob_s_B: 0.0625
p=3
Minim_exp_val_L: 0.5704692557591255, prob_s_L: 0.43395525570406446
Comparison (t=1): B_next: 0.5600603185768174, B_before: 0.5726619371861037
Time for intialising with perturbed values 1 no. of times: 91.32633185386658
Minim_exp_val_B: 0.5600603185768174, prob_s_B: 0.6733048326860521
p=4
Minim_exp_val_L: 0.5884307229266277, prob_s_L: 0.20668344050416432
Comparison (t=1): B_next: 0.5667390788353677, B_before: 0.5600603185768174
Comparison (t=2): B_next: 0.5641709119396037, B_before: 0.5600603185768174
Comparison (t=3): B_next: 0.563343750913174, B_before: 0.5600603185768174
Comparison (t=4): B_next: 0.563343750913174, B_before: 0.5600603185768174
Time for intialising with perturbed values 4 no. of times: 381.27148389816284
Minim_exp_val_B: 0.563343750913174, prob_s_B: 0.43024482447227874
p=5
Minim_exp_val_L: 0.5739072518708142, prob_s_L: 0.38621559198564603
Comparison (t=1): B_next: 0.5591844526091458, B_before: 0.563343750913174
Time for intialising with perturbed values 1 no. of times: 66.27152156829834
Minim_exp_val_B: 0.5591844526091458, prob_s_B: 0.3884614892980973
[0.6083119921524878, 0.0625, 0.6733048326860521, 0.43024482447227874, 0.3884614892980973]
Time Taken: 619.9073178768158
