--------------------------------------------------
QUBO_3
optimal function value: -232.5
optimal value: [0. 1. 0. 0. 1. 0. 1. 0. 0.]
status: SUCCESS
--------------------------------------------------
Now solving with QAOA... Fourier Parametrisation: True
--------------------------------------------------
    p=1
('001010010', (-232.5, 0.08481240212769527))
('001010001', (-231.5, 0.07817595849479049))
('001010100', (-230.5, 0.07221877824398364))
('010010010', (-222.5, 0.0516622928418964))
('010010001', (-221.5, 0.04761979568593022))
    Point_0, Exp_val: -219.06189668099393, Prob_s: 0.08481240212769527
('001010010', (-232.5, 0.0848124109335926))
('001010001', (-231.5, 0.07817596571712965))
('001010100', (-230.5, 0.07221878320517776))
('010010010', (-222.5, 0.05166229466530663))
('010010001', (-221.5, 0.04761979682178315))
    Point_1, Exp_val: -219.06189668099393, Prob_s: 0.0848124109335926
('001010010', (-232.5, 0.04080605546509197))
('010010010', (-222.5, 0.0405151422684426))
('001001010', (-222.5, 0.03913264018180103))
('010001010', (-212.5, 0.03885365704268441))
('001010001', (-231.5, 0.038499975335681474))
    Point_2, Exp_val: -217.17330182511893, Prob_s: 0.04080605546509197
    Minimum: -219.06189668099393, prob_s: 0.08481240212769527, approx_ratio 0.9422017061548126
--------------------------------------------------
    p=2
('001010100', (-230.5, 0.04509562413472566))
('100010100', (-217.5, 0.04213287959833818))
('001100100', (-217.5, 0.04195349850207764))
('001010001', (-231.5, 0.041374487544592414))
('001001001', (-221.5, 0.039260628832514216))
    Point_0, Exp_val: -217.21997867534532, Prob_s: 0.03922473518643991
('001010010', (-232.5, 0.09970591835217746))
('001010001', (-231.5, 0.09836599429611106))
('001010100', (-230.5, 0.0979879028474534))
('010010010', (-222.5, 0.04712667775378509))
('001100010', (-223.5, 0.046501285574832546))
    Point_1, Exp_val: -219.57434356042103, Prob_s: 0.09970591835217746
('010001100', (-210.5, 0.037799963995588215))
('001001100', (-220.5, 0.037798053486935816))
('010010100', (-220.5, 0.03777819877478236))
('001010100', (-230.5, 0.03777628936620102))
('010001001', (-211.5, 0.03758786976925147))
    Point_2, Exp_val: -217.07229601416236, Prob_s: 0.03697976317167807
('001010010', (-232.5, 0.09649020656023369))
('001010001', (-231.5, 0.08340066598994451))
('001010100', (-230.5, 0.07659470436742848))
('010010010', (-222.5, 0.05674759483594728))
('010010001', (-221.5, 0.049049404819038404))
    Point_3, Exp_val: -219.28702564908417, Prob_s: 0.09649020656023369
('001010010', (-232.5, 0.056325906402028114))
('010010010', (-222.5, 0.05387997252378373))
('001001010', (-222.5, 0.04570307604799858))
('001010001', (-231.5, 0.04396543088450625))
('010001010', (-212.5, 0.04371843506862579))
    Point_4, Exp_val: -217.57572394700588, Prob_s: 0.056325906402028114
    Minimum: -219.57434356042103, prob_s: 0.09970591835217746, approx_ratio 0.944405778754499
--------------------------------------------------
    p=3
('001100100', (-217.5, 0.1453840636927018))
('001010001', (-231.5, 0.09345778315491066))
('001010100', (-230.5, 0.06958096543841995))
('010100100', (-207.5, 0.06902785057877142))
('001001100', (-220.5, 0.04681892360758216))
    Point_0, Exp_val: -192.85467760282714, Prob_s: 0.03565750681344127
('010001001', (-211.5, 0.08703713690920156))
('010001010', (-212.5, 0.07724418970884538))
('100001001', (-208.5, 0.07723666600268853))
('100001010', (-209.5, 0.06854641470358007))
('001001001', (-221.5, 0.04586945949436727))
    Point_1, Exp_val: -203.49278996847664, Prob_s: 0.016712846232980243
('010100010', (-213.5, 0.19504402388051684))
('010100001', (-212.5, 0.09724426094916358))
('010100100', (-207.5, 0.07035247123155013))
('010001010', (-212.5, 0.0682693896596029))
('010111001', (129.5, 0.06026449360656326))
    Point_2, Exp_val: -154.03989710937753, Prob_s: 0.007108831458367231
('001010010', (-232.5, 0.12838908469854135))
('001010001', (-231.5, 0.11216650858421953))
('001010100', (-230.5, 0.08419201646395448))
('010010010', (-222.5, 0.06556584003961288))
('010010001', (-221.5, 0.0572812819477819))
    Point_3, Exp_val: -221.2469700038402, Prob_s: 0.12838908469854135
('001010010', (-232.5, 0.25259467067657815))
('001010001', (-231.5, 0.1600617776704147))
('001100010', (-223.5, 0.1549174175745513))
('001100001', (-222.5, 0.11378029060514433))
('001100100', (-217.5, 0.11346322865397857))
    Point_4, Exp_val: -224.86084264343864, Prob_s: 0.25259467067657815
('001010100', (-230.5, 0.08065536509771093))
('001100010', (-223.5, 0.060804697238676965))
('001010001', (-231.5, 0.054110969934338046))
('010010100', (-220.5, 0.05285619326684797))
('001001100', (-220.5, 0.049157526884716966))
    Point_5, Exp_val: -218.15635707295695, Prob_s: 0.04403828103398722
('010001100', (-210.5, 0.12898843606059415))
('010010001', (-221.5, 0.12767554969251166))
('010001001', (-211.5, 0.10802592920660889))
('010010100', (-220.5, 0.09733165313478803))
('010010010', (-222.5, 0.05806886961947171))
    Point_6, Exp_val: -208.95622575020343, Prob_s: 0.02601690339016632
('010001100', (-210.5, 0.4026218697175732))
('010001001', (-211.5, 0.1676774335860538))
('010100001', (-212.5, 0.07070896911118103))
('001001100', (-220.5, 0.07042562755877842))
('010001010', (-212.5, 0.039502383775485296))
    Point_7, Exp_val: -194.4849252573062, Prob_s: 0.001787964035538606
('001010010', (-232.5, 0.21957949589740408))
('001010100', (-230.5, 0.1923924683436304))
('001010001', (-231.5, 0.1912588522792531))
('001100010', (-223.5, 0.06296856416840768))
('010010010', (-222.5, 0.03694242232334375))
    Point_8, Exp_val: -222.16373141546728, Prob_s: 0.21957949589740408
    Minimum: -224.86084264343864, prob_s: 0.25259467067657815, approx_ratio 0.9671434092190909
--------------------------------------------------
    p=4
('001010010', (-232.5, 0.14352899840861494))
('001010001', (-231.5, 0.12958205862071684))
('001010100', (-230.5, 0.11145365420286286))
('010010010', (-222.5, 0.048494438634911374))
('001001010', (-222.5, 0.04462851487137619))
    Point_0, Exp_val: -220.35448886757885, Prob_s: 0.14352899840861494
('010100001', (-212.5, 0.12037984800450088))
('010100010', (-213.5, 0.1089855313024267))
('001100001', (-222.5, 0.08161871855533542))
('001100010', (-223.5, 0.07389325998853127))
('010010100', (-220.5, 0.05375261899483865))
    Point_1, Exp_val: -190.07972771742286, Prob_s: 0.03230641070176717
('001010010', (-232.5, 0.10487782985940033))
('001010001', (-231.5, 0.0900990656972251))
('001010100', (-230.5, 0.07310788906512264))
('010010010', (-222.5, 0.059519747979319276))
('001100010', (-223.5, 0.052354261304568994))
    Point_2, Exp_val: -219.60974819397816, Prob_s: 0.10487782985940033
('010010001', (-221.5, 0.1744807224855626))
('010001010', (-212.5, 0.15659871870274492))
('100010001', (-218.5, 0.07400652288615556))
('001010001', (-231.5, 0.07033876144128329))
('100001010', (-209.5, 0.06642181723299716))
    Point_3, Exp_val: -199.57541695074875, Prob_s: 0.0014075894113201608
('010010100', (-220.5, 0.29508864557655207))
('010010001', (-221.5, 0.1830427160312726))
('010010010', (-222.5, 0.08392801036432739))
('010100010', (-213.5, 0.05038978729114647))
('010001010', (-212.5, 0.047938813080767737))
    Point_4, Exp_val: -196.32476595709954, Prob_s: 0.010750895460731972
('001010010', (-232.5, 0.19057996656689458))
('001100100', (-217.5, 0.1379782275808001))
('001001010', (-222.5, 0.12514577563892942))
('001100010', (-223.5, 0.09950485768100376))
('001001100', (-220.5, 0.08139799113726806))
    Point_5, Exp_val: -197.918057475808, Prob_s: 0.19057996656689458
('010010010', (-222.5, 0.14722708545308405))
('010100010', (-213.5, 0.10662069835012349))
('010001100', (-210.5, 0.08706929486495378))
('010001001', (-211.5, 0.06846390865148212))
('010100001', (-212.5, 0.05731889659392882))
    Point_6, Exp_val: -173.11042893786492, Prob_s: 0.03399730608041364
('001001100', (-220.5, 0.08318206121160614))
('010001100', (-210.5, 0.079584539933243))
('001010100', (-230.5, 0.07445805153197353))
('010010100', (-220.5, 0.0712378328835041))
('001001001', (-221.5, 0.05906495689457717))
    Point_7, Exp_val: -164.61660632621513, Prob_s: 0.02133623730573781
('001010010', (-232.5, 0.21281259338912856))
('001010001', (-231.5, 0.14749604185292128))
('001100100', (-217.5, 0.0866372577696171))
('100010010', (-219.5, 0.06891511470137913))
('010010010', (-222.5, 0.05684818869280212))
    Point_8, Exp_val: -207.00421181830342, Prob_s: 0.21281259338912856
('001010001', (-231.5, 0.13628874189277626))
('001001001', (-221.5, 0.11990512538821568))
('010010001', (-221.5, 0.11403480345725997))
('010001001', (-211.5, 0.10032638952614775))
('001010100', (-230.5, 0.08274404282341213))
    Point_9, Exp_val: -211.8291516232067, Prob_s: 0.020738224282363913
('001001001', (-221.5, 0.14926731659420356))
('100001001', (-208.5, 0.1359886376471556))
('010001001', (-211.5, 0.09630987615612882))
('001001010', (-222.5, 0.06662213069743672))
('100001010', (-209.5, 0.06069548912254641))
    Point_10, Exp_val: -210.09877263992092, Prob_s: 0.046546260239686756
('001010001', (-231.5, 0.23160012926031615))
('001010010', (-232.5, 0.2222998551049275))
('001100001', (-222.5, 0.10304611850803161))
('001010100', (-230.5, 0.09990983050420962))
('001100010', (-223.5, 0.07305219697258733))
    Point_11, Exp_val: -223.69950704880296, Prob_s: 0.2222998551049275
    Minimum: -223.69950704880296, prob_s: 0.2222998551049275, approx_ratio 0.9621484174142063
--------------------------------------------------
    p=5
('001100100', (-217.5, 0.13392349591968805))
('001001010', (-222.5, 0.12489760884959612))
('001010100', (-230.5, 0.10665384073942255))
('001010001', (-231.5, 0.10180355232023112))
('001010010', (-232.5, 0.09837075413249978))
    Point_0, Exp_val: -210.27709100266196, Prob_s: 0.09837075413249978
('001010100', (-230.5, 0.261567997438901))
('001010001', (-231.5, 0.2105348657726961))
('001010010', (-232.5, 0.1161045326316693))
('001001100', (-220.5, 0.1007271369476962))
('001100010', (-223.5, 0.049460637559386324))
    Point_1, Exp_val: -206.7003638707812, Prob_s: 0.1161045326316693
('100001100', (-207.5, 0.12155995989520092))
('100001001', (-208.5, 0.09451586184133258))
('100010100', (-217.5, 0.0822679500708422))
('100010010', (-219.5, 0.07530108844202876))
('100100010', (-210.5, 0.06090359046858872))
    Point_2, Exp_val: -206.88084162160618, Prob_s: 0.032342953901442345
('001010100', (-230.5, 0.11185833964866458))
('010010100', (-220.5, 0.08661633041790694))
('001100001', (-222.5, 0.08479807332622988))
('001001001', (-221.5, 0.08204963846186894))
('001010001', (-231.5, 0.07427070524455039))
    Point_3, Exp_val: -218.13742612279947, Prob_s: 0.008947545238494083
('001010001', (-231.5, 0.09179310375918845))
('100010001', (-218.5, 0.0853181275427401))
('010010001', (-221.5, 0.07537650537036318))
('001010100', (-230.5, 0.053225759214094524))
('100010100', (-217.5, 0.049471277549352065))
    Point_4, Exp_val: -186.15145778397655, Prob_s: 0.043396967001041564
('010010100', (-220.5, 0.13265880107985079))
('010001100', (-210.5, 0.12769507890544815))
('010010001', (-221.5, 0.07947590610637102))
('010001001', (-211.5, 0.07389689908571109))
('001010100', (-230.5, 0.0683878462347504))
    Point_5, Exp_val: -186.2098795244633, Prob_s: 0.03392007391695465
('001001100', (-220.5, 0.18301192792448162))
('100001100', (-207.5, 0.1572399789497499))
('010001100', (-210.5, 0.06601402437193864))
('001100001', (-222.5, 0.04636567717803615))
('001010100', (-230.5, 0.04208273769077308))
    Point_6, Exp_val: -184.49107233186982, Prob_s: 0.013040933802008506
('001010100', (-230.5, 0.33534954262875605))
('001010001', (-231.5, 0.10504179472220952))
('001010010', (-232.5, 0.08210764725586385))
('100010100', (-217.5, 0.06327532028250199))
('001100100', (-217.5, 0.047464972413362685))
    Point_7, Exp_val: -185.61800643640714, Prob_s: 0.08210764725586385
('010010010', (-222.5, 0.2731541082099866))
('001010010', (-232.5, 0.17921276573427533))
('100010010', (-219.5, 0.11967518273686001))
('010001001', (-211.5, 0.034325147933438285))
('010100010', (-213.5, 0.032102143430726954))
    Point_8, Exp_val: -186.29785130524112, Prob_s: 0.17921276573427533
('100100001', (-209.5, 0.17773775621946075))
('001100001', (-222.5, 0.09414801469090464))
('100001010', (-209.5, 0.08403492383777492))
('010100001', (-212.5, 0.07153845022333151))
('100001001', (-208.5, 0.057639788595605666))
    Point_9, Exp_val: -195.87887635239858, Prob_s: 0.02984313962582462
('100100001', (-209.5, 0.13759937435728303))
('010100001', (-212.5, 0.1216769742427002))
('100001010', (-209.5, 0.11704174661348618))
('010001010', (-212.5, 0.10349818561697575))
('100010001', (-218.5, 0.07169666626340557))
    Point_10, Exp_val: -184.19697795313323, Prob_s: 0.00015676825556848315
('010001001', (-211.5, 0.1436503124311426))
('010100010', (-213.5, 0.1093165039639449))
('010100001', (-212.5, 0.07935896341497613))
('100001001', (-208.5, 0.07211991373629144))
('100100010', (-210.5, 0.05488255961581521))
    Point_11, Exp_val: -187.89868051497353, Prob_s: 0.011516721086583854
    Minimum: -218.13742612279947, prob_s: 0.008947545238494083, approx_ratio 0.9382254887002127
--------------------------------------------------
QAOA terminated
--------------------------------------------------
Approximation ratios per layer: [0.9422017061548126, 0.944405778754499, 0.9671434092190909, 0.9621484174142063, 0.9382254887002127]
Prob_success per layer: [0.08481240212769527, 0.09970591835217746, 0.25259467067657815, 0.2222998551049275, 0.008947545238494083]
Results saved in results_3cars3routes/RI_F_3.csv
Time Taken: 3079.507089138031
