--------------------------------------------------
QUBO_0
optimal function value: 41.0
optimal value: [0. 1. 0. 0. 0. 1. 1. 0. 0.]
status: SUCCESS
Other ground state(s) found: '001001010'
Other ground state(s) found: '001100001'
Other ground state(s) found: '001100010'
Other ground state(s) found: '010001001'
Other ground state(s) found: '010001010'
Other ground state(s) found: '010100001'
Other ground state(s) found: '010100010'
--------------------------------------------------
Now solving with QAOA... Fourier Parametrisation: True
--------------------------------------------------
    p=1
    Point_0, Exp_val: 46.625623854562946, Prob_s: 0.5513156261167229
    Point_1, Exp_val: 48.63175990953539, Prob_s: 0.3194990622556928
    Point_2, Exp_val: 46.625623854563, Prob_s: 0.5513156094090449
    Minimum: 46.625623854562946, prob_s: 0.5513156261167229, approx_ratio 0.8627896620838306
    5 most probable states: 
     ('010100010', 0.07266248983824922) Cost:  ('010100010', 41.0)
     ('010001010', 0.07166561851561626) Cost:  ('010001010', 41.0)
     ('010100001', 0.06948908011268666) Cost:  ('010100001', 41.0)
     ('010001001', 0.06842187311623173) Cost:  ('010001001', 41.0)
     ('001100010', 0.06821049962838333) Cost:  ('001100010', 41.0)
--------------------------------------------------
    p=2
    Point_0, Exp_val: 46.71522998278405, Prob_s: 0.4265408875740341
    Point_1, Exp_val: 45.124790452788204, Prob_s: 0.03988081192196767
    Point_2, Exp_val: 74.42116461129676, Prob_s: 0.06647109169644196
    Point_3, Exp_val: 103.56667199181224, Prob_s: 0.025719332631708433
    Point_4, Exp_val: 48.15499353633271, Prob_s: 0.33790905005248273
    Minimum: 45.124790452788204, prob_s: 0.03988081192196767, approx_ratio 0.8993953548100438
    5 most probable states: 
     ('001001100', 0.07093756962223056) Cost:  ('001001100', 51.0)
     ('001100100', 0.06522634370686894) Cost:  ('001100100', 51.0)
     ('010001100', 0.06428716254864275) Cost:  ('010001100', 51.0)
     ('001010001', 0.06354881390485746) Cost:  ('001010001', 42.0)
     ('010100100', 0.059227361885189324) Cost:  ('010100100', 51.0)
--------------------------------------------------
    p=3
    Point_0, Exp_val: 73.65820718707278, Prob_s: 0.007237130404498907
    Point_1, Exp_val: 68.43064350277159, Prob_s: 0.18673728899730696
    Point_2, Exp_val: 48.60147918139171, Prob_s: 0.08279576368086768
    Point_3, Exp_val: 67.38768364290151, Prob_s: 0.09919290949471316
    Point_4, Exp_val: 63.57418371692515, Prob_s: 0.019447515084008236
    Point_5, Exp_val: 46.77741154071188, Prob_s: 0.044471995308666655
    Point_6, Exp_val: 133.25647372337698, Prob_s: 0.04786460013508267
    Point_7, Exp_val: 80.75548340110957, Prob_s: 0.18757311318858355
    Minimum: 46.77741154071188, prob_s: 0.044471995308666655, approx_ratio 0.8590875233972712
    5 most probable states: 
     ('100111100', 0.0871312990261532) Cost:  ('100111100', 242.0)
     ('111111100', 0.0722090697846555) Cost:  ('111111100', 446.0)
     ('100111111', 0.06444867300103999) Cost:  ('100111111', 390.0)
     ('001111111', 0.05898277678735651) Cost:  ('001111111', 356.0)
     ('001100111', 0.04149398862922417) Cost:  ('001100111', 199.0)
--------------------------------------------------
    p=4
    Point_0, Exp_val: 63.26399993343303, Prob_s: 0.09233418884617497
    Point_1, Exp_val: 48.532746472992926, Prob_s: 0.07662690122407993
    Point_2, Exp_val: 47.0493084613764, Prob_s: 0.09067872138202135
    Point_3, Exp_val: 86.61041907620907, Prob_s: 0.0781960524720022
    Point_4, Exp_val: 84.67785301672956, Prob_s: 0.12214866871502525
    Point_5, Exp_val: 110.03062904460546, Prob_s: 0.03367525917796582
    Point_6, Exp_val: 65.74105633698768, Prob_s: 0.08850870592732757
    Point_7, Exp_val: 125.29348029464492, Prob_s: 0.035734215945202645
    Minimum: 47.0493084613764, prob_s: 0.09067872138202135, approx_ratio 0.8524558911859415
    5 most probable states: 
     ('001001111', 0.0641276552020278) Cost:  ('001001111', 199.0)
     ('001100111', 0.062015851260412536) Cost:  ('001100111', 199.0)
     ('111001010', 0.052903448402615204) Cost:  ('111001010', 255.0)
     ('100111111', 0.04566158357633995) Cost:  ('100111111', 390.0)
     ('111100010', 0.04137613226717571) Cost:  ('111100010', 255.0)
--------------------------------------------------
QAOA terminated
--------------------------------------------------
Approximation ratios per layer [0.8627896620838306, 0.8993953548100438, 0.8590875233972712, 0.8524558911859415]
Prob_success per layer [0.5513156261167229, 0.03988081192196767, 0.044471995308666655, 0.09067872138202135]
Results saved in results_3cars3routes/RI_F_0.csv
Time Taken: 1549.922669172287
--------------------------------------------------
QUBO_1
optimal function value: 39.0
optimal value: [1. 0. 0. 0. 0. 1. 1. 0. 0.]
status: SUCCESS
--------------------------------------------------
Now solving with QAOA... Fourier Parametrisation: True
--------------------------------------------------
    p=1
    Point_0, Exp_val: 46.07856823500438, Prob_s: 0.14433619513995335
    Point_1, Exp_val: 48.96016576481557, Prob_s: 0.03677209229357648
    Point_2, Exp_val: 46.078568235004354, Prob_s: 0.1443361974108831
    Minimum: 46.078568235004354, prob_s: 0.1443361974108831, approx_ratio 0.8184982503845037
    5 most probable states: 
     ('001100001', 0.1443361974108831) Cost:  ('001100001', 39.0)
     ('010001001', 0.11659846670328783) Cost:  ('010001001', 42.0)
     ('001100010', 0.09621058564867865) Cost:  ('001100010', 41.0)
     ('010001010', 0.07772136836421471) Cost:  ('010001010', 44.0)
     ('001100100', 0.07199922853724659) Cost:  ('001100100', 42.0)
--------------------------------------------------
    p=2
    Point_0, Exp_val: 45.78137103810957, Prob_s: 0.0018590651588075938
    Point_1, Exp_val: 49.052144290742206, Prob_s: 0.036220481551221956
    Point_2, Exp_val: 48.94965258760391, Prob_s: 0.03338636608427168
    Point_3, Exp_val: 49.044874448376646, Prob_s: 0.03889717863857844
    Point_4, Exp_val: 63.398309552213846, Prob_s: 0.03347435197453933
    Minimum: 45.78137103810957, prob_s: 0.0018590651588075938, approx_ratio 0.8261186913305238
    5 most probable states: 
     ('010010100', 0.134382506775922) Cost:  ('010010100', 59.0)
     ('100010100', 0.10537627885949528) Cost:  ('100010100', 53.0)
     ('001010100', 0.1001933651157386) Cost:  ('001010100', 45.0)
     ('001001100', 0.07156931705410692) Cost:  ('001001100', 55.0)
     ('010010010', 0.07137216303518587) Cost:  ('010010010', 58.0)
--------------------------------------------------
    p=3
    Point_0, Exp_val: 63.90193112711289, Prob_s: 0.00863542826491912
    Point_1, Exp_val: 48.86378015011576, Prob_s: 0.008637088157035342
    Point_2, Exp_val: 44.702775539631375, Prob_s: 0.001686892850241227
    Point_3, Exp_val: 48.24716488699593, Prob_s: 0.006105990268058082
    Point_4, Exp_val: 94.43722979867701, Prob_s: 0.02510487867556436
    Point_5, Exp_val: 46.38510029688348, Prob_s: 0.027594722809851736
    Point_6, Exp_val: 63.13782278488925, Prob_s: 0.001540532470891
    Point_7, Exp_val: 45.986161031111465, Prob_s: 0.044594142811920826
    Minimum: 44.702775539631375, prob_s: 0.001686892850241227, approx_ratio 0.853774986163298
    5 most probable states: 
     ('001010100', 0.1100673677694479) Cost:  ('001010100', 45.0)
     ('010111100', 0.10957027714342292) Cost:  ('010111100', 230.0)
     ('100001100', 0.10036075362947024) Cost:  ('100001100', 51.0)
     ('010111010', 0.07821979415318844) Cost:  ('010111010', 229.0)
     ('100001010', 0.06572472842649839) Cost:  ('100001010', 50.0)
--------------------------------------------------
    p=4
    Point_0, Exp_val: 49.7931854978882, Prob_s: 0.02758872256822547
    Point_1, Exp_val: 44.85325262972367, Prob_s: 0.0648804442463039
    Point_2, Exp_val: 49.47384117938748, Prob_s: 0.008947503937943321
    Point_3, Exp_val: 45.11931942280637, Prob_s: 0.0024998360157105852
    Point_4, Exp_val: 49.196728290248274, Prob_s: 0.0015564045126815929
    Point_5, Exp_val: 92.68154890627434, Prob_s: 0.005910294812207647
    Point_6, Exp_val: 78.59526688157212, Prob_s: 0.038181507987600456
    Point_7, Exp_val: 80.75138584328855, Prob_s: 0.004878093425291703
    Minimum: 44.85325262972367, prob_s: 0.0648804442463039, approx_ratio 0.8499165992378546
    5 most probable states: 
     ('111010001', 0.11041047073732475) Cost:  ('111010001', 204.0)
     ('100001001', 0.09995652265409516) Cost:  ('100001001', 48.0)
     ('010100001', 0.0835611369072163) Cost:  ('010100001', 51.0)
     ('100100001', 0.07454808107317328) Cost:  ('100100001', 47.0)
     ('111100001', 0.06653411654420383) Cost:  ('111100001', 199.0)
--------------------------------------------------
QAOA terminated
--------------------------------------------------
Approximation ratios per layer [0.8184982503845037, 0.8261186913305238, 0.853774986163298, 0.8499165992378546]
Prob_success per layer [0.1443361974108831, 0.0018590651588075938, 0.001686892850241227, 0.0648804442463039]
Results saved in results_3cars3routes/RI_F_1.csv
Time Taken: 1349.615511894226
--------------------------------------------------
QUBO_2
optimal function value: 23.0
optimal value: [1. 0. 0. 0. 1. 0. 1. 0. 0.]
status: SUCCESS
Other ground state(s) found: '001010001'
--------------------------------------------------
Now solving with QAOA... Fourier Parametrisation: True
--------------------------------------------------
    p=1
    Point_0, Exp_val: 26.50076121805263, Prob_s: 0.2367756675082209
    Point_1, Exp_val: 26.500761218052588, Prob_s: 0.23677569682879865
    Point_2, Exp_val: 26.500761218052602, Prob_s: 0.2367756771855454
    Minimum: 26.500761218052588, prob_s: 0.23677569682879865, approx_ratio 0.8477929905194527
    5 most probable states: 
     ('001010001', 0.11838784841439932) Cost:  ('001010001', 23.0)
     ('001001001', 0.11404383698701392) Cost:  ('001001001', 23.0)
     ('010010001', 0.07065131764238718) Cost:  ('010010001', 25.0)
     ('010001001', 0.06805890520049478) Cost:  ('010001001', 25.0)
     ('001010100', 0.05916744561436946) Cost:  ('001010100', 25.0)
--------------------------------------------------
    p=2
    Point_0, Exp_val: 25.069756074331963, Prob_s: 0.01571569770631873
    Point_1, Exp_val: 24.359119208998095, Prob_s: 0.07931460456151275
    Point_2, Exp_val: 26.075665101494295, Prob_s: 0.00926122292093262
    Point_3, Exp_val: 25.62098339415283, Prob_s: 0.21630672603529366
    Point_4, Exp_val: 26.887265880509574, Prob_s: 0.008113186988755693
    Minimum: 24.359119208998095, prob_s: 0.07931460456151275, approx_ratio 0.9409078604783437
    5 most probable states: 
     ('001001010', 0.0661576693476784) Cost:  ('001001010', 25.0)
     ('001001100', 0.06615766934767835) Cost:  ('001001100', 25.0)
     ('001010100', 0.05423774284660053) Cost:  ('001010100', 25.0)
     ('001010010', 0.05423774284660044) Cost:  ('001010010', 25.0)
     ('001100010', 0.05050928689853872) Cost:  ('001100010', 27.0)
--------------------------------------------------
    p=3
    Point_0, Exp_val: 23.801637071834335, Prob_s: 0.32966573352831374
    Point_1, Exp_val: 24.160174064834294, Prob_s: 0.06391038070030129
    Point_2, Exp_val: 24.424840196424896, Prob_s: 0.043725826176736704
    Point_3, Exp_val: 23.7901451994298, Prob_s: 0.2234092607471598
    Point_4, Exp_val: 24.92858064030817, Prob_s: 0.06252259135662959
    Point_5, Exp_val: 24.504273138890838, Prob_s: 0.121436494273421
    Point_6, Exp_val: 25.775270070204016, Prob_s: 0.05212158945661863
    Point_7, Exp_val: 24.127888180562877, Prob_s: 0.12836996025723327
    Minimum: 23.7901451994298, prob_s: 0.2234092607471598, approx_ratio 0.9656458608943564
    5 most probable states: 
     ('001001001', 0.13870407315746872) Cost:  ('001001001', 23.0)
     ('001010001', 0.1117046303735799) Cost:  ('001010001', 23.0)
     ('001100001', 0.0825404714861599) Cost:  ('001100001', 25.0)
     ('001001100', 0.05503883786343077) Cost:  ('001001100', 25.0)
     ('001001010', 0.055038837863430744) Cost:  ('001001010', 25.0)
--------------------------------------------------
    p=4
    Point_0, Exp_val: 24.712596313020967, Prob_s: 0.06845804174019506
    Point_1, Exp_val: 23.44496369976953, Prob_s: 0.0027945898683790268
    Point_2, Exp_val: 23.608904179172356, Prob_s: 0.27585217021328573
    Point_3, Exp_val: 24.135773040592255, Prob_s: 0.006432446496832609
    Point_4, Exp_val: 25.130117703282252, Prob_s: 0.01574030688028678
    Point_5, Exp_val: 23.727761722240274, Prob_s: 0.22206384388901348
    Point_6, Exp_val: 23.720104895483843, Prob_s: 0.0017019656558327674
    Point_7, Exp_val: 24.921400495060908, Prob_s: 0.021875347564306834
    Minimum: 23.44496369976953, prob_s: 0.0027945898683790268, approx_ratio 0.9806537521839335
    5 most probable states: 
     ('010010100', 0.17991481312952037) Cost:  ('010010100', 27.0)
     ('010010010', 0.17991481312952035) Cost:  ('010010010', 27.0)
     ('010100100', 0.11540424525992175) Cost:  ('010100100', 29.0)
     ('010100010', 0.11540424525992167) Cost:  ('010100010', 29.0)
     ('010111100', 0.07576872669960841) Cost:  ('010111100', 155.0)
--------------------------------------------------
QAOA terminated
--------------------------------------------------
Approximation ratios per layer [0.8477929905194527, 0.9409078604783437, 0.9656458608943564, 0.9806537521839335]
Prob_success per layer [0.23677569682879865, 0.07931460456151275, 0.2234092607471598, 0.0027945898683790268]
Results saved in results_3cars3routes/RI_F_2.csv
Time Taken: 1629.9945442676544
--------------------------------------------------
QUBO_3
optimal function value: 51.0
optimal value: [0. 1. 0. 0. 1. 0. 1. 0. 0.]
status: SUCCESS
slurmstepd: error: *** JOB 28524855 ON spartan-bm055 CANCELLED AT 2021-08-18T14:45:59 DUE TO TIME LIMIT ***
